<?xml version="1.0" encoding="UTF-8"?>
<testng-results ignored="0" total="2" passed="2" failed="0" skipped="0">
  <reporter-output>
    <line>
      <![CDATA[https://www.facebook.com/login/?next=https%3A%2F%2Fwww.facebook.com%2Fpages%2Fcreate%2F%3Fref_type%3Dregistration_form]]>
    </line>
    <line>
      <![CDATA[Log in to Facebook]]>
    </line>
    <line>
      <![CDATA[https://www.facebook.com/login/?next=https%3A%2F%2Fwww.facebook.com%2Fpages%2Fcreate%2F%3Fref_type%3Dregistration_form]]>
    </line>
    <line>
      <![CDATA[Log in to Facebook]]>
    </line>
  </reporter-output>
  <suite started-at="2022-03-04T18:03:19 IST" name="Suite" finished-at="2022-03-04T18:03:54 IST" duration-ms="34439">
    <groups>
    </groups>
    <test started-at="2022-03-04T18:03:19 IST" name="Test" finished-at="2022-03-04T18:03:43 IST" duration-ms="23878">
      <class name="testng.Parallel">
        <test-method signature="f(java.lang.String)[pri:0, instance:testng.Parallel@120f102b]" started-at="2022-03-04T18:03:19 IST" name="f" finished-at="2022-03-04T18:03:43 IST" duration-ms="23826" status="PASS">
          <params>
            <param index="0">
              <value>
                <![CDATA[firefox]]>
              </value>
            </param>
          </params>
          <reporter-output>
            <line>
              <![CDATA[https://www.facebook.com/login/?next=https%3A%2F%2Fwww.facebook.com%2Fpages%2Fcreate%2F%3Fref_type%3Dregistration_form]]>
            </line>
            <line>
              <![CDATA[Log in to Facebook]]>
            </line>
          </reporter-output>
        </test-method> <!-- f -->
      </class> <!-- testng.Parallel -->
    </test> <!-- Test -->
    <test started-at="2022-03-04T18:03:43 IST" name="Test2" finished-at="2022-03-04T18:03:54 IST" duration-ms="10499">
      <class name="testng.Parallel">
        <test-method signature="f(java.lang.String)[pri:0, instance:testng.Parallel@56cdfb3b]" started-at="2022-03-04T18:03:43 IST" name="f" finished-at="2022-03-04T18:03:54 IST" duration-ms="10494" status="PASS">
          <params>
            <param index="0">
              <value>
                <![CDATA[chrome]]>
              </value>
            </param>
          </params>
          <reporter-output>
            <line>
              <![CDATA[https://www.facebook.com/login/?next=https%3A%2F%2Fwww.facebook.com%2Fpages%2Fcreate%2F%3Fref_type%3Dregistration_form]]>
            </line>
            <line>
              <![CDATA[Log in to Facebook]]>
            </line>
          </reporter-output>
        </test-method> <!-- f -->
      </class> <!-- testng.Parallel -->
    </test> <!-- Test2 -->
  </suite> <!-- Suite -->
</testng-results>
